<?xml version="1.0" encoding="UTF-8"?>
<coverage generated="1574954705660" clover="3.2.0">
  <project timestamp="1574954705660" name="All files">
    <metrics statements="20" coveredstatements="15" conditionals="6" coveredconditionals="4" methods="8" coveredmethods="6" elements="34" coveredelements="25" complexity="0" loc="20" ncloc="20" packages="2" files="2" classes="2"/>
    <package name="CostOfDelivery">
      <metrics statements="11" coveredstatements="7" conditionals="2" coveredconditionals="1" methods="5" coveredmethods="3"/>
      <file name="CostOfDelivery.js" path="/Users/anymac/Desktop/js-band-hw-task-5/src/js/modules/CostOfDelivery/CostOfDelivery.js">
        <metrics statements="11" coveredstatements="7" conditionals="2" coveredconditionals="1" methods="5" coveredmethods="3"/>
        <line num="5" count="1" type="stmt"/>
        <line num="9" count="1" type="stmt"/>
        <line num="10" count="1" type="cond" truecount="1" falsecount="1"/>
        <line num="11" count="1" type="stmt"/>
        <line num="12" count="1" type="stmt"/>
        <line num="16" count="1" type="stmt"/>
        <line num="20" count="0" type="stmt"/>
        <line num="21" count="0" type="stmt"/>
        <line num="22" count="0" type="stmt"/>
        <line num="23" count="0" type="stmt"/>
        <line num="26" count="1" type="stmt"/>
      </file>
    </package>
    <package name="LocalStorage">
      <metrics statements="9" coveredstatements="8" conditionals="4" coveredconditionals="3" methods="3" coveredmethods="3"/>
      <file name="LocalStorage.js" path="/Users/anymac/Desktop/js-band-hw-task-5/src/js/modules/LocalStorage/LocalStorage.js">
        <metrics statements="9" coveredstatements="8" conditionals="4" coveredconditionals="3" methods="3" coveredmethods="3"/>
        <line num="3" count="2" type="cond" truecount="1" falsecount="1"/>
        <line num="4" count="0" type="stmt"/>
        <line num="6" count="2" type="stmt"/>
        <line num="7" count="2" type="stmt"/>
        <line num="8" count="2" type="stmt"/>
        <line num="9" count="2" type="stmt"/>
        <line num="13" count="1" type="stmt"/>
        <line num="17" count="3" type="cond" truecount="2" falsecount="0"/>
        <line num="21" count="2" type="stmt"/>
      </file>
    </package>
  </project>
</coverage>
