TN:
SF:/Users/anymac/Desktop/js-band-hw-task-5/src/js/modules/CostOfDelivery/CostOfDelivery.js
FN:4,(anonymous_0)
FN:8,(anonymous_1)
FN:15,(anonymous_2)
FN:19,(anonymous_3)
FN:20,(anonymous_4)
FNF:5
FNH:3
FNDA:1,(anonymous_0)
FNDA:1,(anonymous_1)
FNDA:1,(anonymous_2)
FNDA:0,(anonymous_3)
FNDA:0,(anonymous_4)
DA:5,1
DA:9,1
DA:10,1
DA:11,1
DA:12,1
DA:16,1
DA:20,0
DA:21,0
DA:22,0
DA:23,0
DA:26,1
LF:11
LH:7
BRDA:10,0,0,1
BRDA:10,0,1,0
BRF:2
BRH:1
end_of_record
TN:
SF:/Users/anymac/Desktop/js-band-hw-task-5/src/js/modules/LocalStorage/LocalStorage.js
FN:2,(anonymous_0)
FN:12,(anonymous_1)
FN:16,(anonymous_2)
FNF:3
FNH:3
FNDA:2,(anonymous_0)
FNDA:1,(anonymous_1)
FNDA:3,(anonymous_2)
DA:3,2
DA:4,0
DA:6,2
DA:7,2
DA:8,2
DA:9,2
DA:13,1
DA:17,3
DA:21,2
LF:9
LH:8
BRDA:3,0,0,0
BRDA:3,0,1,2
BRDA:17,1,0,3
BRDA:17,1,1,3
BRF:4
BRH:3
end_of_record
